G:\VC\私人小助手\DEBUG\私人小助手.EXE
G:\VC\私人小助手\DEBUG\私人小助手.ILK
G:\VC\私人小助手\DEBUG\私人小助手.PDB
G:\VC\私人小助手\私人小助手\Debug\cl.command.1.tlog
G:\VC\私人小助手\私人小助手\Debug\CL.read.1.tlog
G:\VC\私人小助手\私人小助手\Debug\CL.write.1.tlog
G:\VC\私人小助手\私人小助手\Debug\link.12292.read.1.tlog
G:\VC\私人小助手\私人小助手\Debug\link.12292.write.1.tlog
G:\VC\私人小助手\私人小助手\Debug\link.12292-cvtres.read.1.tlog
G:\VC\私人小助手\私人小助手\Debug\link.12292-cvtres.write.1.tlog
G:\VC\私人小助手\私人小助手\Debug\link.13052.read.1.tlog
G:\VC\私人小助手\私人小助手\Debug\link.13052.write.1.tlog
G:\VC\私人小助手\私人小助手\Debug\link.13052-cvtres.read.1.tlog
G:\VC\私人小助手\私人小助手\Debug\link.13052-cvtres.write.1.tlog
G:\VC\私人小助手\私人小助手\Debug\link.15220.read.1.tlog
G:\VC\私人小助手\私人小助手\Debug\link.15220.write.1.tlog
G:\VC\私人小助手\私人小助手\Debug\link.15220-cvtres.read.1.tlog
G:\VC\私人小助手\私人小助手\Debug\link.15220-cvtres.write.1.tlog
G:\VC\私人小助手\私人小助手\Debug\link.5088.read.1.tlog
G:\VC\私人小助手\私人小助手\Debug\link.5088.write.1.tlog
G:\VC\私人小助手\私人小助手\Debug\link.5088-cvtres.read.1.tlog
G:\VC\私人小助手\私人小助手\Debug\link.5088-cvtres.write.1.tlog
G:\VC\私人小助手\私人小助手\Debug\link.6372.read.1.tlog
G:\VC\私人小助手\私人小助手\Debug\link.6372.write.1.tlog
G:\VC\私人小助手\私人小助手\Debug\link.6372-cvtres.read.1.tlog
G:\VC\私人小助手\私人小助手\Debug\link.6372-cvtres.write.1.tlog
G:\VC\私人小助手\私人小助手\Debug\link.9720.read.1.tlog
G:\VC\私人小助手\私人小助手\Debug\link.9720.write.1.tlog
G:\VC\私人小助手\私人小助手\Debug\link.9720-cvtres.read.1.tlog
G:\VC\私人小助手\私人小助手\Debug\link.9720-cvtres.write.1.tlog
G:\VC\私人小助手\私人小助手\Debug\link.command.1.tlog
G:\VC\私人小助手\私人小助手\Debug\link.read.1.tlog
G:\VC\私人小助手\私人小助手\Debug\link.write.1.tlog
G:\VC\私人小助手\私人小助手\Debug\link-cvtres.read.1.tlog
G:\VC\私人小助手\私人小助手\Debug\link-cvtres.write.1.tlog
G:\VC\私人小助手\私人小助手\Debug\mt.command.1.tlog
G:\VC\私人小助手\私人小助手\Debug\mt.read.1.tlog
G:\VC\私人小助手\私人小助手\Debug\mt.write.1.tlog
G:\VC\私人小助手\私人小助手\Debug\rc.command.1.tlog
G:\VC\私人小助手\私人小助手\Debug\rc.read.1.tlog
G:\VC\私人小助手\私人小助手\Debug\rc.write.1.tlog
G:\VC\私人小助手\私人小助手\DEBUG\SRXZS.OBJ
G:\VC\私人小助手\私人小助手\Debug\vc100.idb
G:\VC\私人小助手\私人小助手\DEBUG\VC100.PDB
G:\VC\私人小助手\私人小助手\DEBUG\私人小助手.21.6.15.1.OBJ
G:\VC\私人小助手\私人小助手\DEBUG\私人小助手.EXE.EMBED.MANIFEST
G:\VC\私人小助手\私人小助手\DEBUG\私人小助手.EXE.EMBED.MANIFEST.RES
G:\VC\私人小助手\私人小助手\DEBUG\私人小助手.EXE.INTERMEDIATE.MANIFEST
G:\VC\私人小助手\私人小助手\DEBUG\私人小助手.OBJ
G:\VC\私人小助手\私人小助手\Debug\私人小助手.vcxprojResolveAssemblyReference.cache
G:\VC\私人小助手\私人小助手\Debug\私人小助手.write.1.tlog
G:\VC\私人小助手\私人小助手\Debug\私人小助手_manifest.rc
